<?xml version="1.0" encoding="UTF-8"?>
<!-- Generated by org.testng.reporters.JUnitXMLReporter -->
<testsuite ignored="0" hostname="DESKTOP-AMAR" failures="1" tests="1" name="Test" time="17.442" errors="0" timestamp="2022-08-09T14:18:44 IST">
  <testcase classname="com.crm.Sdet.organisation.CreateOrganisationByGeneric" name="CreateOrganisation" time="9.73">
    <failure type="java.lang.AssertionError" message="expected [false] but found [true]">
      <![CDATA[java.lang.AssertionError: expected [false] but found [true]
at com.crm.Sdet.organisation.CreateOrganisationByGeneric.CreateOrganisation(CreateOrganisationByGeneric.java:31)
at java.base/java.util.ArrayList.forEach(ArrayList.java:1511)
... Removed 33 stack frames]]>
    </failure>
  </testcase> <!-- CreateOrganisation -->
</testsuite> <!-- Test -->
